DEBUG:root:Order:2 3 10.0
DEBUG:root:Finish turn

DEBUG:root:Order:2 4 10.0
DEBUG:root:Finish turn

DEBUG:root:Order:2 19 15.0
DEBUG:root:Finish turn

DEBUG:root:Order:2 20 15.0
DEBUG:root:Order:2 4 32
DEBUG:root:Finish turn

DEBUG:root:Order:2 15 20.0
DEBUG:root:Bad order:4 3.0 8
DEBUG:root:Finish turn

DEBUG:root:Order:2 16 20.0
DEBUG:root:Order:4 0 26.0
DEBUG:root:Order:4 2 4
DEBUG:root:Finish turn

DEBUG:root:Order:2 4 1
DEBUG:root:Finish turn

DEBUG:root:Order:2 19 6
DEBUG:root:Order:4 19 2
DEBUG:root:Finish turn

DEBUG:root:Order:2 19 2
DEBUG:root:Order:2 4 2
DEBUG:root:Finish turn

DEBUG:root:Order:2 19 1
DEBUG:root:Order:4 19 1
DEBUG:root:Finish turn

DEBUG:root:Order:2 19 1
DEBUG:root:Order:2 4 2
DEBUG:root:Finish turn

DEBUG:root:Order:2 15 6
DEBUG:root:Order:4 15 5
DEBUG:root:Order:19 15 2
DEBUG:root:Finish turn

DEBUG:root:Order:2 15 1
DEBUG:root:Order:2 19 1
DEBUG:root:Order:2 4 2
DEBUG:root:Finish turn

DEBUG:root:Order:2 19 1
DEBUG:root:Order:4 19 1
DEBUG:root:Finish turn

DEBUG:root:Order:2 19 1
DEBUG:root:Order:2 4 2
DEBUG:root:Finish turn

DEBUG:root:Order:2 19 1
DEBUG:root:Finish turn

DEBUG:root:Order:2 19 2
DEBUG:root:Finish turn

DEBUG:root:Order:2 19 3
DEBUG:root:Order:2 4 1
DEBUG:root:Finish turn

DEBUG:root:Order:2 0 17
DEBUG:root:Order:15 0 17
DEBUG:root:Order:4 0 15
DEBUG:root:Order:19 0 14
DEBUG:root:Finish turn

DEBUG:root:Order:2 0 1
DEBUG:root:Order:2 19 1
DEBUG:root:Order:2 4 2
DEBUG:root:Finish turn

DEBUG:root:Order:2 0 1
DEBUG:root:Order:2 19 1
DEBUG:root:Finish turn

DEBUG:root:Order:2 19 1
DEBUG:root:Order:15 19 1
DEBUG:root:Finish turn

DEBUG:root:Order:2 19 2
DEBUG:root:Order:2 4 2
DEBUG:root:Finish turn

DEBUG:root:Finish turn

DEBUG:root:Order:2 19 3
DEBUG:root:Order:15 19 1
DEBUG:root:Finish turn

DEBUG:root:Order:2 19 1
DEBUG:root:Order:2 4 2
DEBUG:root:Finish turn

DEBUG:root:Order:15 9 40.0
DEBUG:root:Order:2 10 40.0
DEBUG:root:Order:4 15 19
DEBUG:root:Order:4 2 18
DEBUG:root:Finish turn

DEBUG:root:Order:19 4 15
DEBUG:root:Order:2 4 1
DEBUG:root:Finish turn

DEBUG:root:Order:2 4 2
DEBUG:root:Order:2 19 1
DEBUG:root:Finish turn

DEBUG:root:Order:2 19 1
DEBUG:root:Order:2 4 2
DEBUG:root:Finish turn

DEBUG:root:Order:2 19 1
DEBUG:root:Finish turn

DEBUG:root:Order:2 19 2
DEBUG:root:Finish turn

DEBUG:root:Order:2 0 7
DEBUG:root:Order:15 0 5
DEBUG:root:Order:4 0 3
DEBUG:root:Order:19 0 1
DEBUG:root:Finish turn

DEBUG:root:Order:2 0 3
DEBUG:root:Order:15 0 1
DEBUG:root:Order:15 19 1
DEBUG:root:Finish turn

DEBUG:root:Order:2 0 2
DEBUG:root:Order:2 19 1
DEBUG:root:Finish turn

DEBUG:root:Order:2 0 1
DEBUG:root:Order:2 19 1
DEBUG:root:Order:2 4 2
DEBUG:root:Finish turn

DEBUG:root:Order:2 0 1
DEBUG:root:Order:2 19 1
DEBUG:root:Finish turn

DEBUG:root:Order:2 0 1
DEBUG:root:Order:15 0 1
DEBUG:root:Order:15 19 1
DEBUG:root:Finish turn

DEBUG:root:Order:4 5 46.0
DEBUG:root:Order:15 6 46.0
DEBUG:root:Order:2 4 21
DEBUG:root:Order:0 4 6
DEBUG:root:Bad order:0 13.0 16
DEBUG:root:Order:19 15 15
DEBUG:root:Finish turn

DEBUG:root:Order:0 15 9
DEBUG:root:Order:2 15 2
DEBUG:root:Order:2 4 3
DEBUG:root:Finish turn

DEBUG:root:Order:4 19 2
DEBUG:root:Order:4 0 1
DEBUG:root:Finish turn

DEBUG:root:Order:2 9 16
DEBUG:root:Bad order:15 10.0 13
DEBUG:root:Bad order:0 7.0 11
DEBUG:root:Order:4 9 11
DEBUG:root:Order:19 9 11
DEBUG:root:Finish turn

DEBUG:root:Order:15 9 17
DEBUG:root:Order:0 9 8
DEBUG:root:Bad order:0 1.0 13
DEBUG:root:Order:2 5 6
DEBUG:root:Order:4 5 3
DEBUG:root:Order:19 5 2
DEBUG:root:Finish turn

DEBUG:root:Order:0 5 4
DEBUG:root:Order:2 5 2
DEBUG:root:Order:2 9 3
DEBUG:root:Order:15 9 1
DEBUG:root:Finish turn

DEBUG:root:Order:9 19 2
DEBUG:root:Order:9 0 1
DEBUG:root:Order:9 4 2
DEBUG:root:Order:5 4 1
DEBUG:root:Finish turn

DEBUG:root:Order:2 9 2
DEBUG:root:Order:5 9 1
DEBUG:root:Order:5 0 2
DEBUG:root:Order:5 19 2
DEBUG:root:Finish turn

DEBUG:root:Order:2 0 2
DEBUG:root:Order:2 19 2
DEBUG:root:Order:2 9 1
DEBUG:root:Finish turn

DEBUG:root:Order:5 0 1
DEBUG:root:Order:5 19 1
DEBUG:root:Order:5 9 2
DEBUG:root:Order:15 9 1
DEBUG:root:Finish turn

DEBUG:root:Order:2 0 2
DEBUG:root:Order:2 19 2
DEBUG:root:Order:2 4 2
DEBUG:root:Order:9 4 1
DEBUG:root:Finish turn

DEBUG:root:Order:5 0 2
DEBUG:root:Order:5 19 2
DEBUG:root:Order:5 2 1
DEBUG:root:Order:5 9 2
DEBUG:root:Order:4 9 1
DEBUG:root:Finish turn

DEBUG:root:Order:2 10 6
DEBUG:root:Order:9 10 6
DEBUG:root:Order:15 10 5
DEBUG:root:Order:4 10 4
DEBUG:root:Order:0 10 2
DEBUG:root:Order:5 10 2
DEBUG:root:Order:19 10 2
DEBUG:root:Finish turn

DEBUG:root:Order:2 10 2
DEBUG:root:Order:5 10 1
DEBUG:root:Order:5 0 1
DEBUG:root:Order:5 19 1
DEBUG:root:Order:5 4 2
DEBUG:root:Finish turn

DEBUG:root:Order:2 0 1
DEBUG:root:Order:2 19 1
DEBUG:root:Order:2 9 3
DEBUG:root:Order:4 9 1
DEBUG:root:Order:15 9 1
DEBUG:root:Finish turn

DEBUG:root:Order:9 0 2
DEBUG:root:Order:9 19 2
DEBUG:root:Order:9 10 1
DEBUG:root:Order:9 4 3
DEBUG:root:Order:5 4 2
DEBUG:root:Finish turn

DEBUG:root:Order:9 11 54.0
DEBUG:root:Order:4 9 10
DEBUG:root:Order:2 9 9
DEBUG:root:Order:5 9 9
DEBUG:root:Order:15 9 7
DEBUG:root:Order:10 9 5
DEBUG:root:Order:0 9 4
